Extracting ../MNIST_data/train-images-idx3-ubyte.gz
Extracting ../MNIST_data/train-labels-idx1-ubyte.gz
Extracting ../MNIST_data/t10k-images-idx3-ubyte.gz
Extracting ../MNIST_data/t10k-labels-idx1-ubyte.gz
('Train', (55000, 784), 'Test', (10000, 784))
('length', 4, 3)
---------------------------------------------------------------------------------------------------------
('Accuracies', 0, 'Test', array([0.36880001]), 'Train', array([0.7392]))
('Cost_M1', array([1.39980197]), 'Cost_M2', array([0.56208587]), 'Overall Cost', array([0.8377161]))
('Entropies', [2.2483435, 2.242143, 407.5208])
---------------------------------------------------------------------------------------------------------
---------------------------------------------------------------------------------------------------------
('Accuracies', 1, 'Test', array([0.36019999]), 'Train', array([0.85689998]))
('Cost_M1', array([1.34246159]), 'Cost_M2', array([0.55738151]), 'Overall Cost', array([0.78508008]))
('Entropies', [2.229526, 2.2143564, 486.81964])
---------------------------------------------------------------------------------------------------------
---------------------------------------------------------------------------------------------------------
('Accuracies', 2, 'Test', array([0.3256]), 'Train', array([0.79650003]))
('Cost_M1', array([1.36994469]), 'Cost_M2', array([0.55730319]), 'Overall Cost', array([0.8126415]))
('Entropies', [2.2292128, 2.1954877, 526.93365])
---------------------------------------------------------------------------------------------------------
