Extracting ../MNIST_data/train-images-idx3-ubyte.gz
Extracting ../MNIST_data/train-labels-idx1-ubyte.gz
Extracting ../MNIST_data/t10k-images-idx3-ubyte.gz
Extracting ../MNIST_data/t10k-labels-idx1-ubyte.gz
('Train', (55000, 784), 'Test', (10000, 784))
('length', 3, 2)
---------------------------------------------------------------------------------------------------------
('batch index', 0, [[16114.785, 85.64223]])
[0.09649091]
---------------------------------------------------------------------------------------------------------
---------------------------------------------------------------------------------------------------------
('batch index', 100, [[4325.739, 4.950786]])
[0.8770364]
---------------------------------------------------------------------------------------------------------
---------------------------------------------------------------------------------------------------------
('batch index', 200, [[102.04074, 1.6825184]])
[0.8782727]
---------------------------------------------------------------------------------------------------------
---------------------------------------------------------------------------------------------------------
('batch index', 300, [[58.875675, 0.9046184]])
[0.8767273]
---------------------------------------------------------------------------------------------------------
---------------------------------------------------------------------------------------------------------
('batch index', 400, [[3.658848, 0.45169115]])
[0.75167274]
---------------------------------------------------------------------------------------------------------
---------------------------------------------------------------------------------------------------------
('batch index', 500, [[1.4133418, 1.2033273]])
[0.45327273]
---------------------------------------------------------------------------------------------------------
---------------------------------------------------------------------------------------------------------
('batch index', 600, [[0.17024401, 0.2994894]])
[0.58590907]
---------------------------------------------------------------------------------------------------------
---------------------------------------------------------------------------------------------------------
('batch index', 700, [[2.2662578, 1.8668264]])
[0.12869091]
---------------------------------------------------------------------------------------------------------
---------------------------------------------------------------------------------------------------------
('batch index', 800, [[0.11234845, 0.011014037]])
[0.115763634]
---------------------------------------------------------------------------------------------------------
---------------------------------------------------------------------------------------------------------
('Accuracies', 0, 'Test', array([0.1346]), 'Train', array([0.117]))
('Cost_M1', array([2.30794048]), 'Cost_M2', array([0.57582211]), 'Overall Cost', array([1.73211837]))
('Entropies', [2.3032885, 2.301208, 1990.1735])
---------------------------------------------------------------------------------------------------------
---------------------------------------------------------------------------------------------------------
('batch index', 0, [[0.35751522, 0.025774105]])
[0.1184]
---------------------------------------------------------------------------------------------------------
---------------------------------------------------------------------------------------------------------
('batch index', 100, [[3.2190328, 0.63235617]])
[0.24767272]
---------------------------------------------------------------------------------------------------------
---------------------------------------------------------------------------------------------------------
('batch index', 200, [[67202.63, 629.05115]])
[0.48314545]
---------------------------------------------------------------------------------------------------------
---------------------------------------------------------------------------------------------------------
('batch index', 300, [[3.596754, 1.9374781]])
[0.6883091]
---------------------------------------------------------------------------------------------------------
---------------------------------------------------------------------------------------------------------
('batch index', 400, [[2.6599898, 0.21249965]])
[0.41965455]
---------------------------------------------------------------------------------------------------------
---------------------------------------------------------------------------------------------------------
('batch index', 500, [[267.06863, 0.03847363]])
[0.29303637]
---------------------------------------------------------------------------------------------------------
---------------------------------------------------------------------------------------------------------
('batch index', 600, [[0.10893208, 0.008586539]])
[0.15567273]
---------------------------------------------------------------------------------------------------------
---------------------------------------------------------------------------------------------------------
('batch index', 700, [[0.24539997, 0.007715731]])
[0.10376364]
---------------------------------------------------------------------------------------------------------
---------------------------------------------------------------------------------------------------------
('batch index', 800, [[0.24152048, 0.0070557008]])
[0.10390909]
---------------------------------------------------------------------------------------------------------
---------------------------------------------------------------------------------------------------------
('Accuracies', 1, 'Test', array([0.1166]), 'Train', array([0.1028]))
('Cost_M1', array([2.524786]), 'Cost_M2', array([0.56872082]), 'Overall Cost', array([1.95606518]))
('Entropies', [2.2748833, 2.2784312, 7259.911])
---------------------------------------------------------------------------------------------------------
---------------------------------------------------------------------------------------------------------
('batch index', 0, [[0.5338484, 0.017674018]])
[0.103872724]
---------------------------------------------------------------------------------------------------------
---------------------------------------------------------------------------------------------------------
('batch index', 100, [[0.41844964, 64.001434]])
[0.16956364]
---------------------------------------------------------------------------------------------------------
---------------------------------------------------------------------------------------------------------
('batch index', 200, [[0.085812844, 8.915565]])
[0.20496364]
---------------------------------------------------------------------------------------------------------
---------------------------------------------------------------------------------------------------------
('batch index', 300, [[0.29529637, 1.3191959]])
[0.27472728]
---------------------------------------------------------------------------------------------------------
---------------------------------------------------------------------------------------------------------
('batch index', 400, [[0.074368864, 0.19847757]])
[0.30281818]
---------------------------------------------------------------------------------------------------------
---------------------------------------------------------------------------------------------------------
('batch index', 500, [[653.9752, 0.018690707]])
[0.11761818]
---------------------------------------------------------------------------------------------------------
---------------------------------------------------------------------------------------------------------
('batch index', 600, [[0.014961614, 0.009063778]])
[0.103963636]
---------------------------------------------------------------------------------------------------------
---------------------------------------------------------------------------------------------------------
('batch index', 700, [[0.033452675, 0.007297743]])
[0.10392727]
---------------------------------------------------------------------------------------------------------
---------------------------------------------------------------------------------------------------------
('batch index', 800, [[0.016431365, 0.0070650484]])
[0.10390909]
---------------------------------------------------------------------------------------------------------
---------------------------------------------------------------------------------------------------------
('Accuracies', 2, 'Test', array([0.1085]), 'Train', array([0.1028]))
('Cost_M1', array([2.50373864]), 'Cost_M2', array([0.56982261]), 'Overall Cost', array([1.93391609]))
('Entropies', [2.2792904, 2.279291, 7390.7993])
---------------------------------------------------------------------------------------------------------
---------------------------------------------------------------------------------------------------------
('batch index', 0, [[3.3674622, 0.02826465]])
[0.10390909]
---------------------------------------------------------------------------------------------------------
---------------------------------------------------------------------------------------------------------
('batch index', 100, [[0.36572474, 24.36275]])
[0.10390909]
---------------------------------------------------------------------------------------------------------
---------------------------------------------------------------------------------------------------------
('batch index', 200, [[0.0997599, 4.687973]])
[0.10390909]
---------------------------------------------------------------------------------------------------------
---------------------------------------------------------------------------------------------------------
('batch index', 300, [[0.026004063, 0.4664436]])
[0.10390909]
---------------------------------------------------------------------------------------------------------
---------------------------------------------------------------------------------------------------------
('batch index', 400, [[0.018577017, 0.066434026]])
[0.10394546]
---------------------------------------------------------------------------------------------------------
---------------------------------------------------------------------------------------------------------
('batch index', 500, [[0.021185491, 0.0130701065]])
[0.103963636]
---------------------------------------------------------------------------------------------------------
---------------------------------------------------------------------------------------------------------
('batch index', 600, [[0.021480396, 0.007829952]])
[0.10394546]
---------------------------------------------------------------------------------------------------------
---------------------------------------------------------------------------------------------------------
('batch index', 700, [[0.019666068, 0.007101405]])
[0.10394546]
---------------------------------------------------------------------------------------------------------
---------------------------------------------------------------------------------------------------------
('batch index', 800, [[0.01757824, 0.0069376924]])
[0.10390909]
---------------------------------------------------------------------------------------------------------
---------------------------------------------------------------------------------------------------------
('Accuracies', 3, 'Test', array([0.1112]), 'Train', array([0.1028]))
('Cost_M1', array([2.41392398]), 'Cost_M2', array([0.57239228]), 'Overall Cost', array([1.84153175]))
('Entropies', [2.2895691, 2.2895687, 7379.402])
---------------------------------------------------------------------------------------------------------
---------------------------------------------------------------------------------------------------------
('batch index', 0, [[0.6969327, 0.018759444]])
[0.10390909]
---------------------------------------------------------------------------------------------------------
---------------------------------------------------------------------------------------------------------
('batch index', 100, [[0.38131595, 9.658817]])
[0.09850909]
---------------------------------------------------------------------------------------------------------
---------------------------------------------------------------------------------------------------------
('batch index', 200, [[0.081070475, 1.570748]])
[0.09845454]
---------------------------------------------------------------------------------------------------------
---------------------------------------------------------------------------------------------------------
('batch index', 300, [[0.027374644, 0.14046004]])
[0.11236364]
---------------------------------------------------------------------------------------------------------
---------------------------------------------------------------------------------------------------------
('batch index', 400, [[0.02257761, 0.024525646]])
[0.11236364]
---------------------------------------------------------------------------------------------------------
---------------------------------------------------------------------------------------------------------
('batch index', 500, [[0.023733586, 0.009802323]])
[0.11236364]
---------------------------------------------------------------------------------------------------------
---------------------------------------------------------------------------------------------------------
('batch index', 600, [[0.022421237, 0.0071102255]])
[0.11236364]
---------------------------------------------------------------------------------------------------------
---------------------------------------------------------------------------------------------------------
('batch index', 700, [[0.02110847, 0.00696713]])
[0.11236364]
---------------------------------------------------------------------------------------------------------
---------------------------------------------------------------------------------------------------------
('batch index', 800, [[0.021007478, 0.00672803]])
[0.112381816]
---------------------------------------------------------------------------------------------------------
---------------------------------------------------------------------------------------------------------
('Accuracies', 4, 'Test', array([0.1133]), 'Train', array([0.1135]))
('Cost_M1', array([2.36314797]), 'Cost_M2', array([0.57385111]), 'Overall Cost', array([1.78929687]))
('Entropies', [2.2954044, 2.2954044, 7366.4663])
---------------------------------------------------------------------------------------------------------
---------------------------------------------------------------------------------------------------------
('batch index', 0, [[0.1658307, 0.011043326]])
[0.11234546]
---------------------------------------------------------------------------------------------------------
---------------------------------------------------------------------------------------------------------
('batch index', 100, [[0.31785834, 4.2775903]])
[0.11234546]
---------------------------------------------------------------------------------------------------------
---------------------------------------------------------------------------------------------------------
('batch index', 200, [[0.056493778, 0.43257487]])
[0.11234546]
---------------------------------------------------------------------------------------------------------
---------------------------------------------------------------------------------------------------------
('batch index', 300, [[0.022478886, 0.061275396]])
[0.11234546]
---------------------------------------------------------------------------------------------------------
---------------------------------------------------------------------------------------------------------
('batch index', 400, [[0.021032926, 0.012792949]])
[0.11234546]
---------------------------------------------------------------------------------------------------------
---------------------------------------------------------------------------------------------------------
('batch index', 500, [[0.019201234, 0.007524443]])
[0.11234546]
---------------------------------------------------------------------------------------------------------
---------------------------------------------------------------------------------------------------------
('batch index', 600, [[0.01913116, 0.007087132]])
[0.11234546]
---------------------------------------------------------------------------------------------------------
---------------------------------------------------------------------------------------------------------
('batch index', 700, [[0.020622995, 0.006940474]])
[0.11234546]
---------------------------------------------------------------------------------------------------------
---------------------------------------------------------------------------------------------------------
('batch index', 800, [[0.01747381, 0.0068213274]])
[0.11234546]
---------------------------------------------------------------------------------------------------------
---------------------------------------------------------------------------------------------------------
('Accuracies', 5, 'Test', array([0.1103]), 'Train', array([0.1136]))
('Cost_M1', array([2.32522917]), 'Cost_M2', array([0.57480794]), 'Overall Cost', array([1.75042129]))
('Entropies', [2.2992318, 2.2992318, 7351.233])
---------------------------------------------------------------------------------------------------------
---------------------------------------------------------------------------------------------------------
('batch index', 0, [[0.023120932, 0.007113636]])
[0.11234546]
---------------------------------------------------------------------------------------------------------
---------------------------------------------------------------------------------------------------------
('batch index', 100, [[0.2854526, 2.2331264]])
[0.112509094]
---------------------------------------------------------------------------------------------------------
---------------------------------------------------------------------------------------------------------
('batch index', 200, [[0.047322232, 0.21561801]])
[0.09898182]
---------------------------------------------------------------------------------------------------------
---------------------------------------------------------------------------------------------------------
('batch index', 300, [[0.021782748, 0.048378058]])
[0.11234546]
---------------------------------------------------------------------------------------------------------
---------------------------------------------------------------------------------------------------------
('batch index', 400, [[0.016092516, 0.011970047]])
[0.11234546]
---------------------------------------------------------------------------------------------------------
---------------------------------------------------------------------------------------------------------
('batch index', 500, [[0.017098801, 0.007421404]])
[0.11234546]
---------------------------------------------------------------------------------------------------------
---------------------------------------------------------------------------------------------------------
('batch index', 600, [[0.016160768, 0.0069950493]])
[0.11236364]
---------------------------------------------------------------------------------------------------------
---------------------------------------------------------------------------------------------------------
('batch index', 700, [[0.016305787, 0.0069606393]])
[0.11236364]
---------------------------------------------------------------------------------------------------------
---------------------------------------------------------------------------------------------------------
('batch index', 800, [[0.03122748, 0.006919141]])
[0.11247273]
---------------------------------------------------------------------------------------------------------
---------------------------------------------------------------------------------------------------------
('Accuracies', 6, 'Test', array([0.1157]), 'Train', array([0.1135]))
('Cost_M1', array([2.30707455]), 'Cost_M2', array([0.57531393]), 'Overall Cost', array([1.73176062]))
('Entropies', [2.3012557, 2.3012557, 7333.5527])
---------------------------------------------------------------------------------------------------------
---------------------------------------------------------------------------------------------------------
('batch index', 0, [[0.016830707, 0.0070240637]])
[0.11234546]
---------------------------------------------------------------------------------------------------------
---------------------------------------------------------------------------------------------------------
('batch index', 100, [[20.567314, 6.1443357]])
[0.20603636]
---------------------------------------------------------------------------------------------------------
---------------------------------------------------------------------------------------------------------
('batch index', 200, [[0.05382666, 0.15768862]])
[0.11723636]
---------------------------------------------------------------------------------------------------------
---------------------------------------------------------------------------------------------------------
('batch index', 300, [[0.017852273, 0.023792503]])
[0.11234546]
---------------------------------------------------------------------------------------------------------
---------------------------------------------------------------------------------------------------------
('batch index', 400, [[0.023818944, 0.00967109]])
[0.10147273]
---------------------------------------------------------------------------------------------------------
---------------------------------------------------------------------------------------------------------
('batch index', 500, [[0.014356633, 0.007169376]])
[0.111872725]
---------------------------------------------------------------------------------------------------------
---------------------------------------------------------------------------------------------------------
('batch index', 600, [[0.013622116, 0.0070307953]])
[0.11214545]
---------------------------------------------------------------------------------------------------------
---------------------------------------------------------------------------------------------------------
('batch index', 700, [[0.016957644, 0.0069214813]])
[0.11234546]
---------------------------------------------------------------------------------------------------------
---------------------------------------------------------------------------------------------------------
('batch index', 800, [[0.18184754, 0.0069872458]])
[0.11234546]
---------------------------------------------------------------------------------------------------------
---------------------------------------------------------------------------------------------------------
('Accuracies', 7, 'Test', array([0.1172]), 'Train', array([0.1136]))
('Cost_M1', array([2.30275154]), 'Cost_M2', array([0.57558858]), 'Overall Cost', array([1.72716296]))
('Entropies', [2.3023543, 2.3023455, 7317.06])
---------------------------------------------------------------------------------------------------------
---------------------------------------------------------------------------------------------------------
('batch index', 0, [[0.014615636, 0.006935731]])
[0.11241818]
---------------------------------------------------------------------------------------------------------
---------------------------------------------------------------------------------------------------------
('batch index', 100, [[1.7794834, 1.1029093]])
[0.3396727]
---------------------------------------------------------------------------------------------------------
---------------------------------------------------------------------------------------------------------
('batch index', 200, [[13.127581, 0.12128271]])
[0.28730908]
---------------------------------------------------------------------------------------------------------
---------------------------------------------------------------------------------------------------------
('batch index', 300, [[8672.546, 1.2516158]])
[0.24796364]
---------------------------------------------------------------------------------------------------------
---------------------------------------------------------------------------------------------------------
('batch index', 400, [[236.52443, 0.02493487]])
[0.15552728]
---------------------------------------------------------------------------------------------------------
---------------------------------------------------------------------------------------------------------
('batch index', 500, [[0.025760036, 0.007112382]])
[0.12934546]
---------------------------------------------------------------------------------------------------------
---------------------------------------------------------------------------------------------------------
('batch index', 600, [[0.012065637, 0.007061522]])
[0.11336364]
---------------------------------------------------------------------------------------------------------
---------------------------------------------------------------------------------------------------------
('batch index', 700, [[0.012250663, 0.006882383]])
[0.112381816]
---------------------------------------------------------------------------------------------------------
---------------------------------------------------------------------------------------------------------
('batch index', 800, [[0.033163544, 0.007096397]])
[0.11234546]
---------------------------------------------------------------------------------------------------------
---------------------------------------------------------------------------------------------------------
('Accuracies', 8, 'Test', array([0.1153]), 'Train', array([0.1135]))
('Cost_M1', array([2.3014946]), 'Cost_M2', array([0.57558835]), 'Overall Cost', array([1.72590625]))
('Entropies', [2.3023534, 2.3023531, 8078.736])
---------------------------------------------------------------------------------------------------------
---------------------------------------------------------------------------------------------------------
('batch index', 0, [[0.012325, 0.00698673]])
[0.11236364]
---------------------------------------------------------------------------------------------------------
---------------------------------------------------------------------------------------------------------
('batch index', 100, [[0.2765361, 0.5057559]])
[0.11234546]
---------------------------------------------------------------------------------------------------------
---------------------------------------------------------------------------------------------------------
('batch index', 200, [[0.04895885, 0.07367162]])
[0.11234546]
---------------------------------------------------------------------------------------------------------
---------------------------------------------------------------------------------------------------------
('batch index', 300, [[132547704.0, 0.015858108]])
[0.11236364]
---------------------------------------------------------------------------------------------------------
---------------------------------------------------------------------------------------------------------
('batch index', 400, [[0.009292975, 0.0080311205]])
[0.11234546]
---------------------------------------------------------------------------------------------------------
---------------------------------------------------------------------------------------------------------
('batch index', 500, [[0.009097335, 0.0070838346]])
[0.11234546]
---------------------------------------------------------------------------------------------------------
---------------------------------------------------------------------------------------------------------
('batch index', 600, [[0.009023044, 0.0069930274]])
[0.11234546]
---------------------------------------------------------------------------------------------------------
---------------------------------------------------------------------------------------------------------
('batch index', 700, [[0.021641698, 0.0069261473]])
[0.11234546]
---------------------------------------------------------------------------------------------------------
---------------------------------------------------------------------------------------------------------
('batch index', 800, [[0.009467372, 0.0069283657]])
[0.11234546]
---------------------------------------------------------------------------------------------------------
---------------------------------------------------------------------------------------------------------
('Accuracies', 9, 'Test', array([0.1134]), 'Train', array([0.1135]))
('Cost_M1', array([2.30145693]), 'Cost_M2', array([0.57565397]), 'Overall Cost', array([1.7258029]))
('Entropies', [2.302616, 2.302616, 9019.861])
---------------------------------------------------------------------------------------------------------
---------------------------------------------------------------------------------------------------------
('batch index', 0, [[0.0097256955, 0.0069029154]])
[0.11234546]
---------------------------------------------------------------------------------------------------------
---------------------------------------------------------------------------------------------------------
('batch index', 100, [[0.2965309, 0.39157692]])
[0.11234546]
---------------------------------------------------------------------------------------------------------
---------------------------------------------------------------------------------------------------------
('batch index', 200, [[0.046981715, 0.055779807]])
[0.11234546]
---------------------------------------------------------------------------------------------------------
---------------------------------------------------------------------------------------------------------
('batch index', 300, [[11204.498, 10.339455]])
[0.11234546]
---------------------------------------------------------------------------------------------------------
---------------------------------------------------------------------------------------------------------
('batch index', 400, [[0.007467094, 0.007906833]])
[0.11234546]
---------------------------------------------------------------------------------------------------------
---------------------------------------------------------------------------------------------------------
('batch index', 500, [[0.007275818, 0.0069953296]])
[0.11234546]
---------------------------------------------------------------------------------------------------------
---------------------------------------------------------------------------------------------------------
('batch index', 600, [[0.010249025, 0.0070502986]])
[0.11234546]
---------------------------------------------------------------------------------------------------------
---------------------------------------------------------------------------------------------------------
('batch index', 700, [[0.006928764, 0.0070480416]])
[0.11234546]
---------------------------------------------------------------------------------------------------------
---------------------------------------------------------------------------------------------------------
('batch index', 800, [[0.007090912, 0.0070620533]])
[0.11234546]
---------------------------------------------------------------------------------------------------------
---------------------------------------------------------------------------------------------------------
('Accuracies', 10, 'Test', array([0.1134]), 'Train', array([0.1135]))
('Cost_M1', array([2.30129671]), 'Cost_M2', array([0.57565236]), 'Overall Cost', array([1.72564435]))
('Entropies', [2.3026094, 2.3026094, 9361.587])
---------------------------------------------------------------------------------------------------------
---------------------------------------------------------------------------------------------------------
('batch index', 0, [[0.0071586883, 0.0070064603]])
[0.11234546]
---------------------------------------------------------------------------------------------------------
---------------------------------------------------------------------------------------------------------
('batch index', 100, [[0.3108839, 0.2524181]])
[0.11234546]
---------------------------------------------------------------------------------------------------------
---------------------------------------------------------------------------------------------------------
('batch index', 200, [[0.042070918, 0.031822152]])
[0.11234546]
---------------------------------------------------------------------------------------------------------
---------------------------------------------------------------------------------------------------------
('batch index', 300, [[0.010064188, 0.010659543]])
[0.11234546]
---------------------------------------------------------------------------------------------------------
---------------------------------------------------------------------------------------------------------
('batch index', 400, [[0.005821691, 0.00733769]])
[0.11234546]
---------------------------------------------------------------------------------------------------------
---------------------------------------------------------------------------------------------------------
('batch index', 500, [[0.0057076216, 0.0071247974]])
[0.11234546]
---------------------------------------------------------------------------------------------------------
---------------------------------------------------------------------------------------------------------
('batch index', 600, [[0.005696468, 0.0074014436]])
[0.11234546]
---------------------------------------------------------------------------------------------------------
---------------------------------------------------------------------------------------------------------
('batch index', 700, [[0.005886837, 0.0071473927]])
[0.11234546]
---------------------------------------------------------------------------------------------------------
---------------------------------------------------------------------------------------------------------
('batch index', 800, [[0.005870017, 0.0070869196]])
[0.11234546]
---------------------------------------------------------------------------------------------------------
---------------------------------------------------------------------------------------------------------
('Accuracies', 11, 'Test', array([0.113]), 'Train', array([0.1135]))
('Cost_M1', array([2.30145359]), 'Cost_M2', array([0.57565212]), 'Overall Cost', array([1.72580147]))
('Entropies', [2.3026085, 2.3026085, 9344.492])
---------------------------------------------------------------------------------------------------------
---------------------------------------------------------------------------------------------------------
('batch index', 0, [[0.0059850696, 0.007092927]])
[0.11234546]
---------------------------------------------------------------------------------------------------------
---------------------------------------------------------------------------------------------------------
('batch index', 100, [[0.31370354, 0.17098051]])
[0.10250909]
---------------------------------------------------------------------------------------------------------
---------------------------------------------------------------------------------------------------------
('batch index', 200, [[0.04195938, 0.025154324]])
[0.09916364]
---------------------------------------------------------------------------------------------------------
---------------------------------------------------------------------------------------------------------
('batch index', 300, [[0.008039661, 0.0092355795]])
[0.11234546]
---------------------------------------------------------------------------------------------------------
---------------------------------------------------------------------------------------------------------
('batch index', 400, [[0.00458137, 0.0071584145]])
[0.11234546]
---------------------------------------------------------------------------------------------------------
---------------------------------------------------------------------------------------------------------
('batch index', 500, [[0.004286509, 0.007098814]])
[0.11234546]
---------------------------------------------------------------------------------------------------------
---------------------------------------------------------------------------------------------------------
('batch index', 600, [[0.0043350323, 0.0071541527]])
[0.11234546]
---------------------------------------------------------------------------------------------------------
---------------------------------------------------------------------------------------------------------
('batch index', 700, [[0.015738953, 0.0070472243]])
[0.11234546]
---------------------------------------------------------------------------------------------------------
---------------------------------------------------------------------------------------------------------
('batch index', 800, [[0.004492267, 0.0069467034]])
[0.11234546]
---------------------------------------------------------------------------------------------------------
---------------------------------------------------------------------------------------------------------
('Accuracies', 12, 'Test', array([0.112]), 'Train', array([0.1135]))
('Cost_M1', array([2.30153823]), 'Cost_M2', array([0.575652]), 'Overall Cost', array([1.72588623]))
('Entropies', [2.302608, 2.302608, 9325.478])
---------------------------------------------------------------------------------------------------------
---------------------------------------------------------------------------------------------------------
('batch index', 0, [[0.0044529443, 0.007139375]])
[0.11234546]
---------------------------------------------------------------------------------------------------------
---------------------------------------------------------------------------------------------------------
('batch index', 100, [[0.31655076, 0.14472389]])
[0.09849091]
---------------------------------------------------------------------------------------------------------
---------------------------------------------------------------------------------------------------------
('batch index', 200, [[0.041566648, 0.02057384]])
[0.11234546]
---------------------------------------------------------------------------------------------------------
---------------------------------------------------------------------------------------------------------
('batch index', 300, [[0.0070971125, 0.009004564]])
[0.112381816]
---------------------------------------------------------------------------------------------------------
---------------------------------------------------------------------------------------------------------
('batch index', 400, [[0.0040729837, 0.0074232635]])
[0.11241818]
---------------------------------------------------------------------------------------------------------
---------------------------------------------------------------------------------------------------------
('batch index', 500, [[0.0037210612, 0.007111162]])
[0.112381816]
---------------------------------------------------------------------------------------------------------
---------------------------------------------------------------------------------------------------------
('batch index', 600, [[0.0036819938, 0.0068734447]])
[0.112381816]
---------------------------------------------------------------------------------------------------------
---------------------------------------------------------------------------------------------------------
('batch index', 700, [[0.0038332702, 0.0069509638]])
[0.112381816]
---------------------------------------------------------------------------------------------------------
---------------------------------------------------------------------------------------------------------
('batch index', 800, [[0.00426324, 0.007399776]])
[0.11236364]
---------------------------------------------------------------------------------------------------------
---------------------------------------------------------------------------------------------------------
('Accuracies', 13, 'Test', array([0.1151]), 'Train', array([0.1135]))
('Cost_M1', array([2.30168486]), 'Cost_M2', array([0.57558721]), 'Overall Cost', array([1.72609758]))
('Entropies', [2.3023489, 2.3023486, 9305.05])
---------------------------------------------------------------------------------------------------------
---------------------------------------------------------------------------------------------------------
('batch index', 0, [[0.0041038184, 0.007341371]])
[0.11236364]
---------------------------------------------------------------------------------------------------------
---------------------------------------------------------------------------------------------------------
('batch index', 100, [[219.27406, 0.121282786]])
[0.09849091]
---------------------------------------------------------------------------------------------------------
---------------------------------------------------------------------------------------------------------
('batch index', 200, [[0.18399136, 0.06502107]])
[0.22950909]
---------------------------------------------------------------------------------------------------------
---------------------------------------------------------------------------------------------------------
('batch index', 300, [[0.006853856, 0.008930778]])
[0.11234546]
---------------------------------------------------------------------------------------------------------
---------------------------------------------------------------------------------------------------------
('batch index', 400, [[0.0035292355, 0.0072940225]])
[0.11234546]
---------------------------------------------------------------------------------------------------------
---------------------------------------------------------------------------------------------------------
('batch index', 500, [[0.0031448884, 0.007271789]])
[0.11234546]
---------------------------------------------------------------------------------------------------------
---------------------------------------------------------------------------------------------------------
('batch index', 600, [[0.003290009, 0.0072698346]])
[0.11234546]
---------------------------------------------------------------------------------------------------------
---------------------------------------------------------------------------------------------------------
('batch index', 700, [[0.003294887, 0.0071607796]])
[0.11234546]
---------------------------------------------------------------------------------------------------------
---------------------------------------------------------------------------------------------------------
('batch index', 800, [[0.0032446939, 0.0070770667]])
[0.11234546]
---------------------------------------------------------------------------------------------------------
---------------------------------------------------------------------------------------------------------
('Accuracies', 14, 'Test', array([0.1144]), 'Train', array([0.1136]))
('Cost_M1', array([2.30175972]), 'Cost_M2', array([0.57565939]), 'Overall Cost', array([1.72610033]))
('Entropies', [2.3026376, 2.3026376, 9283.869])
---------------------------------------------------------------------------------------------------------
---------------------------------------------------------------------------------------------------------
('batch index', 0, [[0.003404494, 0.006947671]])
[0.11234546]
---------------------------------------------------------------------------------------------------------
---------------------------------------------------------------------------------------------------------
('batch index', 100, [[0.2941835, 0.079230435]])
[0.10250909]
---------------------------------------------------------------------------------------------------------
---------------------------------------------------------------------------------------------------------
('batch index', 200, [[0.039734628, 0.014780952]])
[0.11234546]
---------------------------------------------------------------------------------------------------------
---------------------------------------------------------------------------------------------------------
('batch index', 300, [[11499.712, 76.21213]])
[0.11141818]
---------------------------------------------------------------------------------------------------------
---------------------------------------------------------------------------------------------------------
('batch index', 400, [[0.032734703, 0.008388705]])
[0.20585455]
---------------------------------------------------------------------------------------------------------
---------------------------------------------------------------------------------------------------------
('batch index', 500, [[0.002279711, 0.007619506]])
[0.10441818]
---------------------------------------------------------------------------------------------------------
---------------------------------------------------------------------------------------------------------
('batch index', 600, [[0.0037359893, 0.0075639863]])
[0.11234546]
---------------------------------------------------------------------------------------------------------
---------------------------------------------------------------------------------------------------------
('batch index', 700, [[0.0038008445, 0.007322538]])
[0.11234546]
---------------------------------------------------------------------------------------------------------
---------------------------------------------------------------------------------------------------------
('batch index', 800, [[0.0047367746, 0.0072531034]])
[0.11234546]
---------------------------------------------------------------------------------------------------------
---------------------------------------------------------------------------------------------------------
('Accuracies', 15, 'Test', array([0.1149]), 'Train', array([0.1135]))
('Cost_M1', array([2.30139399]), 'Cost_M2', array([0.57565349]), 'Overall Cost', array([1.72574043]))
('Entropies', [2.302614, 2.302614, 9268.892])
---------------------------------------------------------------------------------------------------------
---------------------------------------------------------------------------------------------------------
('batch index', 0, [[0.0039969534, 0.007157689]])
[0.11234546]
---------------------------------------------------------------------------------------------------------
---------------------------------------------------------------------------------------------------------
('batch index', 100, [[0.29054317, 0.061821546]])
[0.09850909]
---------------------------------------------------------------------------------------------------------
---------------------------------------------------------------------------------------------------------
('batch index', 200, [[0.037300333, 0.013321316]])
[0.11234546]
---------------------------------------------------------------------------------------------------------
---------------------------------------------------------------------------------------------------------
('batch index', 300, [[0.0045657074, 0.007772835]])
[0.11234546]
---------------------------------------------------------------------------------------------------------
---------------------------------------------------------------------------------------------------------
('batch index', 400, [[0.0014664151, 0.0071735065]])
[0.11234546]
---------------------------------------------------------------------------------------------------------
---------------------------------------------------------------------------------------------------------
('batch index', 500, [[0.071732074, 0.0071532787]])
[0.10392727]
---------------------------------------------------------------------------------------------------------
---------------------------------------------------------------------------------------------------------
('batch index', 600, [[0.0010880176, 0.007385015]])
[0.11234546]
---------------------------------------------------------------------------------------------------------
---------------------------------------------------------------------------------------------------------
('batch index', 700, [[0.0013593379, 0.0073218322]])
[0.11234546]
---------------------------------------------------------------------------------------------------------
---------------------------------------------------------------------------------------------------------
('batch index', 800, [[0.064776294, 0.007430885]])
[0.11234546]
---------------------------------------------------------------------------------------------------------
---------------------------------------------------------------------------------------------------------
('Accuracies', 16, 'Test', array([0.1149]), 'Train', array([0.1135]))
('Cost_M1', array([2.3015852]), 'Cost_M2', array([0.57558692]), 'Overall Cost', array([1.72599828]))
('Entropies', [2.3023477, 2.3023477, 9246.807])
---------------------------------------------------------------------------------------------------------
---------------------------------------------------------------------------------------------------------
('batch index', 0, [[0.0021688875, 0.0074338373]])
[0.11234546]
---------------------------------------------------------------------------------------------------------
---------------------------------------------------------------------------------------------------------
('batch index', 100, [[0.29785782, 0.049505424]])
[0.11234546]
---------------------------------------------------------------------------------------------------------
---------------------------------------------------------------------------------------------------------
('batch index', 200, [[334.4884, 43.737343]])
[0.2951818]
---------------------------------------------------------------------------------------------------------
---------------------------------------------------------------------------------------------------------
('batch index', 300, [[0.15414457, 0.057569727]])
[0.23236364]
---------------------------------------------------------------------------------------------------------
---------------------------------------------------------------------------------------------------------
('batch index', 400, [[114.20236, 9.939312]])
[0.09756364]
---------------------------------------------------------------------------------------------------------
---------------------------------------------------------------------------------------------------------
('batch index', 500, [[62.51451, 0.14613387]])
[0.099454544]
---------------------------------------------------------------------------------------------------------
---------------------------------------------------------------------------------------------------------
('batch index', 600, [[0.1342268, 0.010283692]])
[0.099454544]
---------------------------------------------------------------------------------------------------------
---------------------------------------------------------------------------------------------------------
('batch index', 700, [[0.08787802, 0.0073131304]])
[0.099454544]
---------------------------------------------------------------------------------------------------------
---------------------------------------------------------------------------------------------------------
('batch index', 800, [[0.045627635, 0.006567703]])
[0.099454544]
---------------------------------------------------------------------------------------------------------
---------------------------------------------------------------------------------------------------------
('Accuracies', 17, 'Test', array([0.1026]), 'Train', array([0.1032]))
('Cost_M1', array([2.45366573]), 'Cost_M2', array([0.57041436]), 'Overall Cost', array([1.88325143]))
('Entropies', [2.2816575, 2.2816565, 9548.186])
---------------------------------------------------------------------------------------------------------
---------------------------------------------------------------------------------------------------------
('batch index', 0, [[0.35892025, 0.008272944]])
[0.099436365]
---------------------------------------------------------------------------------------------------------
---------------------------------------------------------------------------------------------------------
('batch index', 100, [[0.42217514, 1.1612866]])
[0.099454544]
---------------------------------------------------------------------------------------------------------
---------------------------------------------------------------------------------------------------------
('batch index', 200, [[0.08761372, 0.089923404]])
[0.099454544]
---------------------------------------------------------------------------------------------------------
---------------------------------------------------------------------------------------------------------
('batch index', 300, [[0.058706373, 0.01697297]])
[0.099454544]
---------------------------------------------------------------------------------------------------------
---------------------------------------------------------------------------------------------------------
('batch index', 400, [[0.050761376, 0.0081702955]])
[0.099436365]
---------------------------------------------------------------------------------------------------------
---------------------------------------------------------------------------------------------------------
('batch index', 500, [[0.048396707, 0.00725515]])
[0.099436365]
---------------------------------------------------------------------------------------------------------
---------------------------------------------------------------------------------------------------------
('batch index', 600, [[0.047674917, 0.0068208324]])
[0.11234546]
---------------------------------------------------------------------------------------------------------
---------------------------------------------------------------------------------------------------------
('batch index', 700, [[0.035744864, 0.0066973623]])
[0.11234546]
---------------------------------------------------------------------------------------------------------
---------------------------------------------------------------------------------------------------------
('batch index', 800, [[0.017314129, 0.0062337713]])
[0.11234546]
---------------------------------------------------------------------------------------------------------
---------------------------------------------------------------------------------------------------------
('Accuracies', 18, 'Test', array([0.1075]), 'Train', array([0.1135]))
('Cost_M1', array([2.3019371]), 'Cost_M2', array([0.57558841]), 'Overall Cost', array([1.72634864]))
('Entropies', [2.3023536, 2.3023536, 9535.888])
---------------------------------------------------------------------------------------------------------
---------------------------------------------------------------------------------------------------------
('batch index', 0, [[0.05543572, 0.006801499]])
[0.11234546]
---------------------------------------------------------------------------------------------------------
---------------------------------------------------------------------------------------------------------
('batch index', 100, [[0.38049275, 0.96654695]])
[0.11234546]
---------------------------------------------------------------------------------------------------------
---------------------------------------------------------------------------------------------------------
('batch index', 200, [[0.07716751, 0.07013178]])
[0.11234546]
---------------------------------------------------------------------------------------------------------
---------------------------------------------------------------------------------------------------------
('batch index', 300, [[0.047053732, 0.014999554]])
[0.11234546]
---------------------------------------------------------------------------------------------------------
---------------------------------------------------------------------------------------------------------
('batch index', 400, [[0.041611385, 0.007932534]])
[0.11234546]
---------------------------------------------------------------------------------------------------------
---------------------------------------------------------------------------------------------------------
('batch index', 500, [[0.041426014, 0.0069016516]])
[0.11234546]
---------------------------------------------------------------------------------------------------------
---------------------------------------------------------------------------------------------------------
('batch index', 600, [[0.04252766, 0.0069875885]])
[0.11234546]
---------------------------------------------------------------------------------------------------------
---------------------------------------------------------------------------------------------------------
('batch index', 700, [[0.035472013, 0.0067673223]])
[0.11234546]
---------------------------------------------------------------------------------------------------------
---------------------------------------------------------------------------------------------------------
('batch index', 800, [[0.013045546, 0.0061998055]])
[0.11234546]
---------------------------------------------------------------------------------------------------------
---------------------------------------------------------------------------------------------------------
('Accuracies', 19, 'Test', array([0.1083]), 'Train', array([0.1135]))
('Cost_M1', array([2.30133414]), 'Cost_M2', array([0.57565361]), 'Overall Cost', array([1.72568059]))
('Entropies', [2.3026145, 2.3026145, 9522.73])
---------------------------------------------------------------------------------------------------------
---------------------------------------------------------------------------------------------------------
('batch index', 0, [[0.046880864, 0.007007702]])
[0.11234546]
---------------------------------------------------------------------------------------------------------
---------------------------------------------------------------------------------------------------------
('batch index', 100, [[0.37886003, 0.7886709]])
[0.10250909]
---------------------------------------------------------------------------------------------------------
---------------------------------------------------------------------------------------------------------
('batch index', 200, [[0.076266736, 0.06108482]])
[0.11234546]
---------------------------------------------------------------------------------------------------------
---------------------------------------------------------------------------------------------------------
('batch index', 300, [[0.042401146, 0.014554124]])
[0.10390909]
---------------------------------------------------------------------------------------------------------
---------------------------------------------------------------------------------------------------------
('batch index', 400, [[0.034309406, 0.0075704157]])
[0.11234546]
---------------------------------------------------------------------------------------------------------
---------------------------------------------------------------------------------------------------------
('batch index', 500, [[0.03554838, 0.0071009896]])
[0.11234546]
---------------------------------------------------------------------------------------------------------
---------------------------------------------------------------------------------------------------------
('batch index', 600, [[0.036270224, 0.0068898746]])
[0.11234546]
---------------------------------------------------------------------------------------------------------
---------------------------------------------------------------------------------------------------------
('batch index', 700, [[0.034666024, 0.0066866586]])
[0.11234546]
---------------------------------------------------------------------------------------------------------
---------------------------------------------------------------------------------------------------------
('batch index', 800, [[0.8756005, 0.0063649234]])
[0.11234546]
---------------------------------------------------------------------------------------------------------
---------------------------------------------------------------------------------------------------------
('Accuracies', 20, 'Test', array([0.1104]), 'Train', array([0.1135]))
('Cost_M1', array([2.30137253]), 'Cost_M2', array([0.57565385]), 'Overall Cost', array([1.72571874]))
('Entropies', [2.3026154, 2.3026154, 9508.667])
---------------------------------------------------------------------------------------------------------
---------------------------------------------------------------------------------------------------------
('batch index', 0, [[0.03810499, 0.006924469]])
[0.11234546]
---------------------------------------------------------------------------------------------------------
---------------------------------------------------------------------------------------------------------
('batch index', 100, [[0.42468143, 0.7411383]])
[0.10250909]
---------------------------------------------------------------------------------------------------------
---------------------------------------------------------------------------------------------------------
('batch index', 200, [[289.45633, 0.11450893]])
[0.10250909]
---------------------------------------------------------------------------------------------------------
---------------------------------------------------------------------------------------------------------
('batch index', 300, [[0.032612965, 0.012472557]])
[0.11234546]
---------------------------------------------------------------------------------------------------------
---------------------------------------------------------------------------------------------------------
('batch index', 400, [[0.029121814, 0.007925023]])
[0.11234546]
---------------------------------------------------------------------------------------------------------
---------------------------------------------------------------------------------------------------------
('batch index', 500, [[0.029635288, 0.007113059]])
[0.11234546]
---------------------------------------------------------------------------------------------------------
---------------------------------------------------------------------------------------------------------
('batch index', 600, [[0.030519612, 0.0068999324]])
[0.11234546]
---------------------------------------------------------------------------------------------------------
---------------------------------------------------------------------------------------------------------
('batch index', 700, [[0.029011618, 0.00688414]])
[0.11234546]
---------------------------------------------------------------------------------------------------------
---------------------------------------------------------------------------------------------------------
('batch index', 800, [[0.013346275, 0.0062136296]])
[0.11234546]
---------------------------------------------------------------------------------------------------------
---------------------------------------------------------------------------------------------------------
('Accuracies', 21, 'Test', array([0.11]), 'Train', array([0.1135]))
('Cost_M1', array([2.30163932]), 'Cost_M2', array([0.57558686]), 'Overall Cost', array([1.72605252]))
('Entropies', [2.3023474, 2.3023474, 9493.442])
---------------------------------------------------------------------------------------------------------
---------------------------------------------------------------------------------------------------------
('batch index', 0, [[0.031138234, 0.0067602796]])
[0.11234546]
---------------------------------------------------------------------------------------------------------
---------------------------------------------------------------------------------------------------------
('batch index', 100, [[0.2648158, 0.28345248]])
[0.10250909]
---------------------------------------------------------------------------------------------------------
---------------------------------------------------------------------------------------------------------
('batch index', 200, [[0.0629318, 0.04763195]])
[0.11234546]
---------------------------------------------------------------------------------------------------------
---------------------------------------------------------------------------------------------------------
('batch index', 300, [[0.028041534, 0.011800669]])
[0.11234546]
---------------------------------------------------------------------------------------------------------
---------------------------------------------------------------------------------------------------------
('batch index', 400, [[0.0242783, 0.007727011]])
[0.11234546]
---------------------------------------------------------------------------------------------------------
---------------------------------------------------------------------------------------------------------
('batch index', 500, [[0.024225319, 0.007210252]])
[0.11234546]
---------------------------------------------------------------------------------------------------------
---------------------------------------------------------------------------------------------------------
('batch index', 600, [[0.025336469, 0.007028128]])
[0.11234546]
---------------------------------------------------------------------------------------------------------
---------------------------------------------------------------------------------------------------------
('batch index', 700, [[0.022187026, 0.0069641974]])
[0.11234546]
---------------------------------------------------------------------------------------------------------
---------------------------------------------------------------------------------------------------------
('batch index', 800, [[1.574093, 0.00667141]])
[0.11234546]
---------------------------------------------------------------------------------------------------------
---------------------------------------------------------------------------------------------------------
('Accuracies', 22, 'Test', array([0.111]), 'Train', array([0.1135]))
('Cost_M1', array([2.30135083]), 'Cost_M2', array([0.57565242]), 'Overall Cost', array([1.72569847]))
('Entropies', [2.3026097, 2.3026097, 9484.324])
---------------------------------------------------------------------------------------------------------
---------------------------------------------------------------------------------------------------------
('batch index', 0, [[0.025026519, 0.007059686]])
[0.11234546]
---------------------------------------------------------------------------------------------------------
---------------------------------------------------------------------------------------------------------
('batch index', 100, [[0.29070014, 0.23798323]])
[0.10250909]
---------------------------------------------------------------------------------------------------------
---------------------------------------------------------------------------------------------------------
('batch index', 200, [[0.059405163, 0.049407132]])
[0.11234546]
---------------------------------------------------------------------------------------------------------
---------------------------------------------------------------------------------------------------------
('batch index', 300, [[0.023795404, 0.010852957]])
[0.11234546]
---------------------------------------------------------------------------------------------------------
---------------------------------------------------------------------------------------------------------
('batch index', 400, [[0.019552909, 0.0072558597]])
[0.11234546]
---------------------------------------------------------------------------------------------------------
---------------------------------------------------------------------------------------------------------
('batch index', 500, [[0.020093413, 0.006990101]])
[0.11234546]
---------------------------------------------------------------------------------------------------------
---------------------------------------------------------------------------------------------------------
('batch index', 600, [[0.01864858, 0.007083986]])
[0.11234546]
---------------------------------------------------------------------------------------------------------
---------------------------------------------------------------------------------------------------------
('batch index', 700, [[0.88053113, 0.0070888833]])
[0.11234546]
---------------------------------------------------------------------------------------------------------
---------------------------------------------------------------------------------------------------------
('batch index', 800, [[0.013367585, 0.006543384]])
[0.11234546]
---------------------------------------------------------------------------------------------------------
---------------------------------------------------------------------------------------------------------
('Accuracies', 23, 'Test', array([0.1122]), 'Train', array([0.1135]))
('Cost_M1', array([2.30126905]), 'Cost_M2', array([0.575652]), 'Overall Cost', array([1.72561705]))
('Entropies', [2.302608, 2.302608, 25118.896])
---------------------------------------------------------------------------------------------------------
---------------------------------------------------------------------------------------------------------
('batch index', 0, [[0.019772103, 0.006996695]])
[0.11234546]
---------------------------------------------------------------------------------------------------------
---------------------------------------------------------------------------------------------------------
('batch index', 100, [[0.34451303, 1.0874469]])
[0.11234546]
---------------------------------------------------------------------------------------------------------
---------------------------------------------------------------------------------------------------------
('batch index', 200, [[1.0111395, 0.13974619]])
[0.11234546]
---------------------------------------------------------------------------------------------------------
---------------------------------------------------------------------------------------------------------
('batch index', 300, [[0.606115, 0.011909855]])
[0.11234546]
---------------------------------------------------------------------------------------------------------
---------------------------------------------------------------------------------------------------------
('batch index', 400, [[0.09643608, 0.0075869868]])
[0.11234546]
---------------------------------------------------------------------------------------------------------
---------------------------------------------------------------------------------------------------------
('batch index', 500, [[0.038407516, 0.0073544066]])
[0.11234546]
---------------------------------------------------------------------------------------------------------
---------------------------------------------------------------------------------------------------------
('batch index', 600, [[0.022526747, 0.007004383]])
[0.11234546]
---------------------------------------------------------------------------------------------------------
---------------------------------------------------------------------------------------------------------
('batch index', 700, [[706.6046, 0.0069804434]])
[0.11234546]
---------------------------------------------------------------------------------------------------------
---------------------------------------------------------------------------------------------------------
('batch index', 800, [[0.012936668, 0.006463817]])
[0.11234546]
---------------------------------------------------------------------------------------------------------
---------------------------------------------------------------------------------------------------------
('Accuracies', 24, 'Test', array([0.1131]), 'Train', array([0.1135]))
('Cost_M1', array([2.30180836]), 'Cost_M2', array([0.57558686]), 'Overall Cost', array([1.72622156]))
('Entropies', [2.3023474, 2.3023474, 44309.258])
---------------------------------------------------------------------------------------------------------
---------------------------------------------------------------------------------------------------------
('batch index', 0, [[0.019760054, 0.007061124]])
[0.11234546]
---------------------------------------------------------------------------------------------------------
---------------------------------------------------------------------------------------------------------
('batch index', 100, [[0.3177054, 0.18171862]])
[0.11234546]
---------------------------------------------------------------------------------------------------------
---------------------------------------------------------------------------------------------------------
('batch index', 200, [[0.048706055, 0.022841915]])
[0.10250909]
---------------------------------------------------------------------------------------------------------
---------------------------------------------------------------------------------------------------------
('batch index', 300, [[0.017312182, 0.0101423105]])
[0.11234546]
---------------------------------------------------------------------------------------------------------
---------------------------------------------------------------------------------------------------------
('batch index', 400, [[0.011788448, 0.007214753]])
[0.11234546]
---------------------------------------------------------------------------------------------------------
---------------------------------------------------------------------------------------------------------
('batch index', 500, [[0.012373703, 0.007179229]])
[0.11234546]
---------------------------------------------------------------------------------------------------------
---------------------------------------------------------------------------------------------------------
('batch index', 600, [[0.012251163, 0.0070516355]])
[0.11234546]
---------------------------------------------------------------------------------------------------------
---------------------------------------------------------------------------------------------------------
('batch index', 700, [[0.013270163, 0.0072485376]])
[0.11234546]
---------------------------------------------------------------------------------------------------------
---------------------------------------------------------------------------------------------------------
('batch index', 800, [[0.012675196, 0.006719647]])
[0.11234546]
---------------------------------------------------------------------------------------------------------
---------------------------------------------------------------------------------------------------------
('Accuracies', 25, 'Test', array([0.111]), 'Train', array([0.1135]))
('Cost_M1', array([2.30153608]), 'Cost_M2', array([0.57558841]), 'Overall Cost', array([1.72594762]))
('Entropies', [2.3023536, 2.3023536, 43919.004])
---------------------------------------------------------------------------------------------------------
---------------------------------------------------------------------------------------------------------
('batch index', 0, [[0.015775448, 0.007034566]])
[0.11234546]
---------------------------------------------------------------------------------------------------------
---------------------------------------------------------------------------------------------------------
('batch index', 100, [[0.33312804, 0.17129424]])
[0.099454544]
---------------------------------------------------------------------------------------------------------
---------------------------------------------------------------------------------------------------------
('batch index', 200, [[0.047489084, 0.021548692]])
[0.099454544]
---------------------------------------------------------------------------------------------------------
---------------------------------------------------------------------------------------------------------
('batch index', 300, [[0.18603742, 0.021517277]])
[0.09843636]
---------------------------------------------------------------------------------------------------------
---------------------------------------------------------------------------------------------------------
('batch index', 400, [[0.03511571, 0.009048491]])
[0.19630909]
---------------------------------------------------------------------------------------------------------
---------------------------------------------------------------------------------------------------------
('batch index', 500, [[0.018069327, 0.0070756013]])
[0.14996363]
---------------------------------------------------------------------------------------------------------
---------------------------------------------------------------------------------------------------------
('batch index', 600, [[0.036783595, 0.007195385]])
[0.12305455]
---------------------------------------------------------------------------------------------------------
---------------------------------------------------------------------------------------------------------
('batch index', 700, [[0.012264615, 0.007250295]])
[0.11252727]
---------------------------------------------------------------------------------------------------------
---------------------------------------------------------------------------------------------------------
('batch index', 800, [[0.16289826, 0.007108546]])
[0.11236364]
---------------------------------------------------------------------------------------------------------
---------------------------------------------------------------------------------------------------------
('Accuracies', 26, 'Test', array([0.1107]), 'Train', array([0.1135]))
('Cost_M1', array([2.301723]), 'Cost_M2', array([0.575652]), 'Overall Cost', array([1.726071]))
('Entropies', [2.302608, 2.302608, 43663.277])
---------------------------------------------------------------------------------------------------------
---------------------------------------------------------------------------------------------------------
('batch index', 0, [[0.01584757, 0.006946748]])
[0.11236364]
---------------------------------------------------------------------------------------------------------
---------------------------------------------------------------------------------------------------------
('batch index', 100, [[0.23365723, 0.07883262]])
[0.09849091]
---------------------------------------------------------------------------------------------------------
---------------------------------------------------------------------------------------------------------
('batch index', 200, [[0.046316545, 0.01721257]])
[0.10250909]
---------------------------------------------------------------------------------------------------------
---------------------------------------------------------------------------------------------------------
('batch index', 300, [[0.0076837437, 0.008398722]])
[0.11234546]
---------------------------------------------------------------------------------------------------------
---------------------------------------------------------------------------------------------------------
('batch index', 400, [[0.0037908, 0.0071892245]])
[0.11236364]
---------------------------------------------------------------------------------------------------------
---------------------------------------------------------------------------------------------------------
('batch index', 500, [[0.0031642243, 0.0071967794]])
[0.11234546]
---------------------------------------------------------------------------------------------------------
---------------------------------------------------------------------------------------------------------
('batch index', 600, [[0.003554258, 0.007366548]])
[0.11234546]
---------------------------------------------------------------------------------------------------------
---------------------------------------------------------------------------------------------------------
('batch index', 700, [[0.0057245926, 0.007341419]])
[0.10250909]
---------------------------------------------------------------------------------------------------------
---------------------------------------------------------------------------------------------------------
('batch index', 800, [[0.0038829339, 0.007180891]])
[0.11234546]
---------------------------------------------------------------------------------------------------------
---------------------------------------------------------------------------------------------------------
('Accuracies', 27, 'Test', array([0.1115]), 'Train', array([0.1135]))
('Cost_M1', array([2.3016634]), 'Cost_M2', array([0.5755828]), 'Overall Cost', array([1.72608066]))
('Entropies', [2.3023312, 2.3023312, 43456.73])
---------------------------------------------------------------------------------------------------------
---------------------------------------------------------------------------------------------------------
('batch index', 0, [[0.0055563436, 0.0070760427]])
[0.11234546]
---------------------------------------------------------------------------------------------------------
---------------------------------------------------------------------------------------------------------
('batch index', 100, [[0.28683203, 0.04885669]])
[0.10250909]
---------------------------------------------------------------------------------------------------------
---------------------------------------------------------------------------------------------------------
('batch index', 200, [[0.0387054, 0.011070655]])
[0.11234546]
---------------------------------------------------------------------------------------------------------
---------------------------------------------------------------------------------------------------------
('batch index', 300, [[0.004085595, 0.0073920405]])
[0.11234546]
---------------------------------------------------------------------------------------------------------
---------------------------------------------------------------------------------------------------------
('batch index', 400, [[0.0007138548, 0.0069993366]])
[0.11234546]
---------------------------------------------------------------------------------------------------------
---------------------------------------------------------------------------------------------------------
('batch index', 500, [[0.00040921711, 0.0074803936]])
[0.11234546]
---------------------------------------------------------------------------------------------------------
---------------------------------------------------------------------------------------------------------
('batch index', 600, [[0.00022984453, 0.0076360335]])
[0.11234546]
---------------------------------------------------------------------------------------------------------
---------------------------------------------------------------------------------------------------------
('batch index', 700, [[0.00026158182, 0.007306232]])
[0.11234546]
---------------------------------------------------------------------------------------------------------
---------------------------------------------------------------------------------------------------------
('batch index', 800, [[0.0004269226, 0.0073900567]])
[0.11234546]
---------------------------------------------------------------------------------------------------------
---------------------------------------------------------------------------------------------------------
('Accuracies', 28, 'Test', array([0.1135]), 'Train', array([0.1135]))
('Cost_M1', array([2.30130339]), 'Cost_M2', array([0.57565236]), 'Overall Cost', array([1.72565103]))
('Entropies', [2.3026094, 2.3026094, 43253.895])
---------------------------------------------------------------------------------------------------------
---------------------------------------------------------------------------------------------------------
('batch index', 0, [[0.00046910232, 0.008134386]])
[0.11234546]
---------------------------------------------------------------------------------------------------------
---------------------------------------------------------------------------------------------------------
('batch index', 100, [[0.28893247, 0.03575957]])
[0.11234546]
---------------------------------------------------------------------------------------------------------
---------------------------------------------------------------------------------------------------------
('batch index', 200, [[15.912491, 0.11156786]])
[0.2097091]
---------------------------------------------------------------------------------------------------------
---------------------------------------------------------------------------------------------------------
('batch index', 300, [[0.088991515, 0.0074452087]])
[0.11505455]
---------------------------------------------------------------------------------------------------------
---------------------------------------------------------------------------------------------------------
('batch index', 400, [[0.001033678, 0.0071011335]])
[0.11269091]
---------------------------------------------------------------------------------------------------------
---------------------------------------------------------------------------------------------------------
('batch index', 500, [[0.00022732702, 0.0072180564]])
[0.11323636]
---------------------------------------------------------------------------------------------------------
---------------------------------------------------------------------------------------------------------
('batch index', 600, [[0.00012459296, 0.007125322]])
[0.11234546]
---------------------------------------------------------------------------------------------------------
---------------------------------------------------------------------------------------------------------
('batch index', 700, [[8.7331064e-05, 0.0076579177]])
[0.11234546]
---------------------------------------------------------------------------------------------------------
---------------------------------------------------------------------------------------------------------
('batch index', 800, [[8.9853165e-05, 0.0077764723]])
[0.11234546]
---------------------------------------------------------------------------------------------------------
---------------------------------------------------------------------------------------------------------
('Accuracies', 29, 'Test', array([0.1135]), 'Train', array([0.1135]))
('Cost_M1', array([2.30178332]), 'Cost_M2', array([0.57558686]), 'Overall Cost', array([1.72619653]))
('Entropies', [2.3023474, 2.3023474, 43023.48])
---------------------------------------------------------------------------------------------------------
---------------------------------------------------------------------------------------------------------
('batch index', 0, [[0.00011399657, 0.0072357655]])
[0.11234546]
---------------------------------------------------------------------------------------------------------
---------------------------------------------------------------------------------------------------------
('batch index', 100, [[0.30604446, 0.039139174]])
[0.09916364]
---------------------------------------------------------------------------------------------------------
---------------------------------------------------------------------------------------------------------
('batch index', 200, [[0.035830937, 0.01122348]])
[0.11234546]
---------------------------------------------------------------------------------------------------------
---------------------------------------------------------------------------------------------------------
('batch index', 300, [[0.004613573, 0.007796516]])
[0.11234546]
---------------------------------------------------------------------------------------------------------
---------------------------------------------------------------------------------------------------------
('batch index', 400, [[0.0006505049, 0.0075257025]])
[0.11234546]
---------------------------------------------------------------------------------------------------------
---------------------------------------------------------------------------------------------------------
('batch index', 500, [[0.00015953102, 0.008196946]])
[0.11234546]
---------------------------------------------------------------------------------------------------------
---------------------------------------------------------------------------------------------------------
('batch index', 600, [[6.605481e-05, 0.007871712]])
[0.09798182]
---------------------------------------------------------------------------------------------------------
---------------------------------------------------------------------------------------------------------
('batch index', 700, [[5.5863828e-05, 0.007682797]])
[0.11234546]
---------------------------------------------------------------------------------------------------------
---------------------------------------------------------------------------------------------------------
('batch index', 800, [[5.4221866e-05, 0.0074136686]])
[0.11234546]
---------------------------------------------------------------------------------------------------------
---------------------------------------------------------------------------------------------------------
('Accuracies', 30, 'Test', array([0.1139]), 'Train', array([0.1135]))
('Cost_M1', array([2.30221629]), 'Cost_M2', array([0.57556361]), 'Overall Cost', array([1.72665262]))
('Entropies', [2.3022544, 2.3022544, 42735.016])
---------------------------------------------------------------------------------------------------------
---------------------------------------------------------------------------------------------------------
('batch index', 0, [[7.125323e-05, 0.007568419]])
[0.11234546]
---------------------------------------------------------------------------------------------------------
---------------------------------------------------------------------------------------------------------
('batch index', 100, [[1.4713154, 0.15495893]])
[0.19914545]
---------------------------------------------------------------------------------------------------------
---------------------------------------------------------------------------------------------------------
('batch index', 200, [[0.45389706, 0.14404495]])
[0.13881817]
---------------------------------------------------------------------------------------------------------
---------------------------------------------------------------------------------------------------------
('batch index', 300, [[5.3152113, 0.010062156]])
[0.1936]
---------------------------------------------------------------------------------------------------------
---------------------------------------------------------------------------------------------------------
('batch index', 400, [[46.9485, 3.0340388]])
[0.108254544]
---------------------------------------------------------------------------------------------------------
---------------------------------------------------------------------------------------------------------
('batch index', 500, [[0.13670993, 0.010202015]])
[0.1704]
---------------------------------------------------------------------------------------------------------
---------------------------------------------------------------------------------------------------------
('batch index', 600, [[4.455637, 0.010796929]])
[0.18807273]
---------------------------------------------------------------------------------------------------------
---------------------------------------------------------------------------------------------------------
('batch index', 700, [[0.04300593, 0.0071776346]])
[0.11234546]
---------------------------------------------------------------------------------------------------------
